<?xml version="1.0" encoding="UTF-8" standalone="no"?>
<testsuite errors="0" failures="5" name="io.cucumber.core.plugin.JUnitFormatter" skipped="0" tests="13" time="732.287">
    <testcase classname="Boots homepage" name="Verify Header links on home page" time="141.952">
        <failure message="Expected condition failed: waiting for com.boots.TestComponents.BaseTest$$Lambda$556/0x00000008012eb4a0@5f59ea8c (tried for 20 second(s) with 500 milliseconds interval)&#10;Build info: version: '3.14.0', revision: 'aacccce0', time: '2018-08-02T20:19:58.91Z'&#10;System info: host: 'SWLL148', ip: '10.140.169.120', os.name: 'Windows 10', os.arch: 'amd64', os.version: '10.0', java.version: '19.0.1'&#10;Driver info: org.openqa.selenium.chrome.ChromeDriver&#10;Capabilities {acceptInsecureCerts: false, browserName: chrome, browserVersion: 109.0.5414.75, chrome: {chromedriverVersion: 109.0.5414.74 (e7c5703604da..., userDataDir: C:\Users\ssyed\AppData\Loca...}, goog:chromeOptions: {debuggerAddress: localhost:61677}, javascriptEnabled: true, networkConnectionEnabled: false, pageLoadStrategy: normal, platform: WINDOWS, platformName: WINDOWS, proxy: Proxy(), setWindowRect: true, strictFileInteractability: false, timeouts: {implicit: 0, pageLoad: 300000, script: 30000}, unhandledPromptBehavior: dismiss and notify, webauthn:extension:credBlob: true, webauthn:extension:largeBlob: true, webauthn:virtualAuthenticators: true}&#10;Session ID: c6600caf63ca4e5d4e01e2d0855ff014" type="org.openqa.selenium.TimeoutException"><![CDATA[Given User is on Boots Home page............................................passed
When user accept cookie.....................................................passed
And headers are displayed...................................................passed
When user click on Logo icon................................................passed
Then Page get refreshed and home page displayed.............................passed
When user click on Home option on header....................................passed
Then Page get refreshed and home page displayed.............................passed
When user click on Why boots................................................passed
Then assert URL contains text 'WhyBootsUrl.key'.............................passed
When user hover on Career areas.............................................passed
Then career areas drop down is displayed....................................passed
When user click on Our stories..............................................passed
Then assert URL contains text 'OurStoriesUrl.key'...........................passed
When user click on Search Jobs CTA..........................................passed
Then assert URL contains text 'SearchJobsUrl.key'...........................passed
When user click on FAQs.....................................................passed
Then assert URL contains text 'FAQSPageUrl.key'.............................passed
When user click on Log In...................................................passed
And clicked on I want to work for boot......................................failed
Then Sign in option displayed...............................................skipped
And user redirected to different page.......................................skipped
And close browser after execution...........................................skipped

StackTrace:
org.openqa.selenium.TimeoutException: Expected condition failed: waiting for com.boots.TestComponents.BaseTest$$Lambda$556/0x00000008012eb4a0@5f59ea8c (tried for 20 second(s) with 500 milliseconds interval)
Build info: version: '3.14.0', revision: 'aacccce0', time: '2018-08-02T20:19:58.91Z'
System info: host: 'SWLL148', ip: '10.140.169.120', os.name: 'Windows 10', os.arch: 'amd64', os.version: '10.0', java.version: '19.0.1'
Driver info: org.openqa.selenium.chrome.ChromeDriver
Capabilities {acceptInsecureCerts: false, browserName: chrome, browserVersion: 109.0.5414.75, chrome: {chromedriverVersion: 109.0.5414.74 (e7c5703604da..., userDataDir: C:\Users\ssyed\AppData\Loca...}, goog:chromeOptions: {debuggerAddress: localhost:61677}, javascriptEnabled: true, networkConnectionEnabled: false, pageLoadStrategy: normal, platform: WINDOWS, platformName: WINDOWS, proxy: Proxy(), setWindowRect: true, strictFileInteractability: false, timeouts: {implicit: 0, pageLoad: 300000, script: 30000}, unhandledPromptBehavior: dismiss and notify, webauthn:extension:credBlob: true, webauthn:extension:largeBlob: true, webauthn:virtualAuthenticators: true}
Session ID: c6600caf63ca4e5d4e01e2d0855ff014
	at org.openqa.selenium.support.ui.WebDriverWait.timeoutException(WebDriverWait.java:113)
	at org.openqa.selenium.support.ui.FluentWait.until(FluentWait.java:283)
	at com.boots.TestComponents.BaseTest.waitForExpectedElement(BaseTest.java:179)
	at com.boots.TestComponents.BaseTest.clickByElementByQueryJSExecutor(BaseTest.java:190)
	at com.boots.stepDefinitions.HomePageSteps.clickedOnIWantToWorkForBoot(HomePageSteps.java:251)
	at ✽.clicked on I want to work for boot(file:///C:/Sakir/SeleniumFrameworkDesign/src/test/resources/feature/homePage.feature:25)
]]></failure>
    </testcase>
    <testcase classname="Boots homepage" name="Verify Search Now filters on Home page" time="92.274">
        <system-out><![CDATA[Given User is on Boots Home page............................................passed
When user accept cookie.....................................................passed
Then Search jobs field is displayed.........................................passed
When user enters Keyword....................................................passed
And user enters location....................................................passed
And user selects distance...................................................passed
And user clicks on Search Now CTA...........................................passed
And user selects I want to work for Boots CTA...............................passed
Then assert URL contains text 'SearchJobsUrl.key'...........................passed
And basic filter are displayed..............................................passed
And advanced filter are displayed...........................................passed
And close browser after execution...........................................passed
]]></system-out>
    </testcase>
    <testcase classname="Boots homepage" name="Verify career area filter present on homepage" time="54.204">
        <system-out><![CDATA[Given User is on Boots Home page............................................passed
When user accept cookie.....................................................passed
Then Career area filters are displayed......................................passed
Then View Stories CTA displayed.............................................passed
When user selects category..................................................passed
Then stories as per category displayed......................................passed
And each story with Image and description displayed.........................passed
When user selects another category from list................................passed
Then stories as per category displayed......................................passed
When user click on View stories CTA.........................................passed
Then assert URL contains text 'StoryPageUrl.key'............................passed
And close browser after execution...........................................passed
]]></system-out>
    </testcase>
    <testcase classname="Boots homepage" name="Verify Stories displayed on home page" time="52.538">
        <system-out><![CDATA[Given User is on Boots Home page............................................passed
When user accept cookie.....................................................passed
And user selected category from Career area dropdown........................passed
When click on one story.....................................................passed
Then Redirected to Story page then Image and Description displayed..........passed
And close browser after execution...........................................passed
And close browser after execution...........................................passed
]]></system-out>
    </testcase>
    <testcase classname="Boots homepage" name="Verify Jobs that might interest you on home page" time="23.103">
        <system-out><![CDATA[Given User is on Boots Home page............................................passed
When user accept cookie.....................................................passed
Then Jobs that might interest you displayed.................................passed
Then Find out more CTA displayed............................................passed
Then Category name and Job role and Location displayed......................passed
When user click on Find out more CTA........................................passed
Then redirected to Story page and story description displayed...............passed
And close browser after execution...........................................passed
]]></system-out>
    </testcase>
    <testcase classname="Boots homepage" name="Verify Why boots with explore more CTA" time="33.058">
        <system-out><![CDATA[Given User is on Boots Home page............................................passed
When user accept cookie.....................................................passed
Then why boots section displayed............................................passed
Then Banner image with text displayed.......................................passed
Then Explore more CTA displayed.............................................passed
When user click on Explore more CTA.........................................passed
Then assert URL contains text 'WhyBootsUrl.key'.............................passed
And close browser after execution...........................................passed
]]></system-out>
    </testcase>
    <testcase classname="Boots homepage" name="Verify FAQs on Home page" time="46.717">
        <system-out><![CDATA[Given User is on Boots Home page............................................passed
When user accept cookie.....................................................passed
And FAQs are displayed......................................................passed
When user click on first FAQ accordion......................................passed
Then accordion should expand................................................passed
When User click on Expanded accordion.......................................passed
Then Accordion get collapsed................................................passed
And close browser after execution...........................................passed
]]></system-out>
    </testcase>
    <testcase classname="Boots homepage" name="Verify View All FAQs CTA on Home page" time="58.25">
        <system-out><![CDATA[Given User is on Boots Home page............................................passed
When user accept cookie.....................................................passed
Then View all FAQs CTA displayed............................................passed
When click on View all FAQs CTA.............................................passed
Then assert URL contains text 'FAQSPageUrl.key'.............................passed
And close browser after execution...........................................passed
]]></system-out>
    </testcase>
    <testcase classname="Boots homepage" name="Verify Social media icons on Boots home page" time="57.583">
        <system-out><![CDATA[Given User is on Boots Home page............................................passed
When user accept cookie.....................................................passed
Then Social media icons displayed...........................................passed
When user click on Instagram Icon...........................................passed
Then assert URL open in different tabs contains text 'InstagramUrl.key'.....passed
When user click on Facebook icon............................................passed
Then assert URL open in different tabs contains text 'FacebookUrl.key'......passed
When user click on Twitter icon.............................................passed
Then assert URL open in different tabs contains text 'TwitterUrl.key'.......passed
When user click on LinkedIn Icon............................................passed
Then assert URL open in different tabs contains text 'LinkedInUrl.key'......passed
And close browser after execution...........................................passed
]]></system-out>
    </testcase>
    <testcase classname="Boots homepage" name="Verify Instagram stories on Home page" time="48.975">
        <failure message="Expected condition failed: waiting for presence of element located by: By.cssSelector: button#onetrust-accept-btn-handler (tried for 20 second(s) with 500 milliseconds interval)" type="org.openqa.selenium.TimeoutException"><![CDATA[Given User is on Boots Home page............................................passed
When user accept cookie.....................................................failed
Then Instagram stories are displayed........................................skipped
When user mouse hover on story image........................................skipped
Then Text displayed with like and comment CTA...............................skipped
When Click on story.........................................................skipped
Then assert URL open in different tabs contains text 'InstagramStoryUrl.key'.skipped
And close browser after execution...........................................skipped

StackTrace:
org.openqa.selenium.TimeoutException: Expected condition failed: waiting for presence of element located by: By.cssSelector: button#onetrust-accept-btn-handler (tried for 20 second(s) with 500 milliseconds interval)
	at org.openqa.selenium.support.ui.WebDriverWait.timeoutException(WebDriverWait.java:113)
	at org.openqa.selenium.support.ui.FluentWait.until(FluentWait.java:283)
	at com.boots.TestComponents.BaseTest.clickByElementByQueryJSExecutor(BaseTest.java:188)
	at com.boots.stepDefinitions.HomePageSteps.userAcceptCookie(HomePageSteps.java:157)
	at ✽.user accept cookie(file:///C:/Sakir/SeleniumFrameworkDesign/src/test/resources/feature/homePage.feature:5)
Caused by: org.openqa.selenium.NoSuchElementException: Cannot locate an element using By.cssSelector: button#onetrust-accept-btn-handler
For documentation on this error, please visit: http://seleniumhq.org/exceptions/no_such_element.html
Build info: version: '3.14.0', revision: 'aacccce0', time: '2018-08-02T20:19:58.91Z'
System info: host: 'SWLL148', ip: '10.140.169.120', os.name: 'Windows 10', os.arch: 'amd64', os.version: '10.0', java.version: '19.0.1'
Driver info: driver.version: unknown
	at org.openqa.selenium.support.ui.ExpectedConditions.lambda$findElement$0(ExpectedConditions.java:896)
	at java.base/java.util.Optional.orElseThrow(Optional.java:403)
	at org.openqa.selenium.support.ui.ExpectedConditions.findElement(ExpectedConditions.java:895)
	at org.openqa.selenium.support.ui.ExpectedConditions.access$000(ExpectedConditions.java:44)
	at org.openqa.selenium.support.ui.ExpectedConditions$6.apply(ExpectedConditions.java:183)
	at org.openqa.selenium.support.ui.ExpectedConditions$6.apply(ExpectedConditions.java:180)
	at org.openqa.selenium.support.ui.FluentWait.until(FluentWait.java:260)
	at com.boots.TestComponents.BaseTest.clickByElementByQueryJSExecutor(BaseTest.java:188)
	at com.boots.stepDefinitions.HomePageSteps.userAcceptCookie(HomePageSteps.java:157)
	at java.base/jdk.internal.reflect.DirectMethodHandleAccessor.invoke(DirectMethodHandleAccessor.java:104)
	at java.base/java.lang.reflect.Method.invoke(Method.java:578)
	at io.cucumber.java.Invoker.doInvoke(Invoker.java:66)
	at io.cucumber.java.Invoker.invoke(Invoker.java:24)
	at io.cucumber.java.AbstractGlueDefinition.invokeMethod(AbstractGlueDefinition.java:47)
	at io.cucumber.java.JavaStepDefinition.execute(JavaStepDefinition.java:29)
	at io.cucumber.core.runner.CoreStepDefinition.execute(CoreStepDefinition.java:66)
	at io.cucumber.core.runner.PickleStepDefinitionMatch.runStep(PickleStepDefinitionMatch.java:63)
	at io.cucumber.core.runner.ExecutionMode$1.execute(ExecutionMode.java:10)
	at io.cucumber.core.runner.TestStep.executeStep(TestStep.java:85)
	at io.cucumber.core.runner.TestStep.run(TestStep.java:57)
	at io.cucumber.core.runner.PickleStepTestStep.run(PickleStepTestStep.java:51)
	at io.cucumber.core.runner.TestCase.run(TestCase.java:84)
	at io.cucumber.core.runner.Runner.runPickle(Runner.java:75)
	at io.cucumber.testng.TestNGCucumberRunner.lambda$runScenario$1(TestNGCucumberRunner.java:132)
	at io.cucumber.core.runtime.CucumberExecutionContext.lambda$runTestCase$5(CucumberExecutionContext.java:129)
	at io.cucumber.core.runtime.RethrowingThrowableCollector.executeAndThrow(RethrowingThrowableCollector.java:23)
	at io.cucumber.core.runtime.CucumberExecutionContext.runTestCase(CucumberExecutionContext.java:129)
	at io.cucumber.testng.TestNGCucumberRunner.runScenario(TestNGCucumberRunner.java:129)
	at io.cucumber.testng.AbstractTestNGCucumberTests.runScenario(AbstractTestNGCucumberTests.java:35)
	at java.base/jdk.internal.reflect.DirectMethodHandleAccessor.invoke(DirectMethodHandleAccessor.java:104)
	at java.base/java.lang.reflect.Method.invoke(Method.java:578)
	at org.testng.internal.MethodInvocationHelper.invokeMethod(MethodInvocationHelper.java:124)
	at org.testng.internal.Invoker.invokeMethod(Invoker.java:583)
	at org.testng.internal.Invoker.invokeTestMethod(Invoker.java:719)
	at org.testng.internal.Invoker.invokeTestMethods(Invoker.java:989)
	at org.testng.internal.TestMethodWorker.invokeTestMethods(TestMethodWorker.java:125)
	at org.testng.internal.TestMethodWorker.run(TestMethodWorker.java:109)
	at org.testng.TestRunner.privateRun(TestRunner.java:648)
	at org.testng.TestRunner.run(TestRunner.java:505)
	at org.testng.SuiteRunner.runTest(SuiteRunner.java:455)
	at org.testng.SuiteRunner.runSequentially(SuiteRunner.java:450)
	at org.testng.SuiteRunner.privateRun(SuiteRunner.java:415)
	at org.testng.SuiteRunner.run(SuiteRunner.java:364)
	at org.testng.SuiteRunnerWorker.runSuite(SuiteRunnerWorker.java:52)
	at org.testng.SuiteRunnerWorker.run(SuiteRunnerWorker.java:84)
	at org.testng.TestNG.runSuitesSequentially(TestNG.java:1208)
	at org.testng.TestNG.runSuitesLocally(TestNG.java:1137)
	at org.testng.TestNG.runSuites(TestNG.java:1049)
	at org.testng.TestNG.run(TestNG.java:1017)
	at com.intellij.rt.testng.IDEARemoteTestNG.run(IDEARemoteTestNG.java:66)
	at com.intellij.rt.testng.RemoteTestNGStarter.main(RemoteTestNGStarter.java:109)
]]></failure>
    </testcase>
    <testcase classname="Boots homepage" name="Verify Footer on home page" time="40.55">
        <failure message="Expected condition failed: waiting for presence of element located by: By.cssSelector: button#onetrust-accept-btn-handler (tried for 20 second(s) with 500 milliseconds interval)" type="org.openqa.selenium.TimeoutException"><![CDATA[Given User is on Boots Home page............................................passed
When user accept cookie.....................................................failed
Then Footer is displayed....................................................skipped
Then Badge displayed........................................................skipped
When User click on About boots footer.......................................skipped
Then assert URL open in different tabs contains text 'AboutBootsUrl.key'....skipped
Then Footer is displayed....................................................skipped
When user click on Boots.com footer.........................................skipped
Then assert URL open in different tabs contains text 'BootsComUrl.key'......skipped
Then Footer is displayed....................................................skipped
When user click on FAQs footer..............................................skipped
Then assert URL contains text 'FAQSPageUrl.key'.............................skipped
And close browser after execution...........................................skipped

StackTrace:
org.openqa.selenium.TimeoutException: Expected condition failed: waiting for presence of element located by: By.cssSelector: button#onetrust-accept-btn-handler (tried for 20 second(s) with 500 milliseconds interval)
	at org.openqa.selenium.support.ui.WebDriverWait.timeoutException(WebDriverWait.java:113)
	at org.openqa.selenium.support.ui.FluentWait.until(FluentWait.java:283)
	at com.boots.TestComponents.BaseTest.clickByElementByQueryJSExecutor(BaseTest.java:188)
	at com.boots.stepDefinitions.HomePageSteps.userAcceptCookie(HomePageSteps.java:157)
	at ✽.user accept cookie(file:///C:/Sakir/SeleniumFrameworkDesign/src/test/resources/feature/homePage.feature:5)
Caused by: org.openqa.selenium.NoSuchElementException: Cannot locate an element using By.cssSelector: button#onetrust-accept-btn-handler
For documentation on this error, please visit: http://seleniumhq.org/exceptions/no_such_element.html
Build info: version: '3.14.0', revision: 'aacccce0', time: '2018-08-02T20:19:58.91Z'
System info: host: 'SWLL148', ip: '10.140.169.120', os.name: 'Windows 10', os.arch: 'amd64', os.version: '10.0', java.version: '19.0.1'
Driver info: driver.version: unknown
	at org.openqa.selenium.support.ui.ExpectedConditions.lambda$findElement$0(ExpectedConditions.java:896)
	at java.base/java.util.Optional.orElseThrow(Optional.java:403)
	at org.openqa.selenium.support.ui.ExpectedConditions.findElement(ExpectedConditions.java:895)
	at org.openqa.selenium.support.ui.ExpectedConditions.access$000(ExpectedConditions.java:44)
	at org.openqa.selenium.support.ui.ExpectedConditions$6.apply(ExpectedConditions.java:183)
	at org.openqa.selenium.support.ui.ExpectedConditions$6.apply(ExpectedConditions.java:180)
	at org.openqa.selenium.support.ui.FluentWait.until(FluentWait.java:260)
	at com.boots.TestComponents.BaseTest.clickByElementByQueryJSExecutor(BaseTest.java:188)
	at com.boots.stepDefinitions.HomePageSteps.userAcceptCookie(HomePageSteps.java:157)
	at java.base/jdk.internal.reflect.DirectMethodHandleAccessor.invoke(DirectMethodHandleAccessor.java:104)
	at java.base/java.lang.reflect.Method.invoke(Method.java:578)
	at io.cucumber.java.Invoker.doInvoke(Invoker.java:66)
	at io.cucumber.java.Invoker.invoke(Invoker.java:24)
	at io.cucumber.java.AbstractGlueDefinition.invokeMethod(AbstractGlueDefinition.java:47)
	at io.cucumber.java.JavaStepDefinition.execute(JavaStepDefinition.java:29)
	at io.cucumber.core.runner.CoreStepDefinition.execute(CoreStepDefinition.java:66)
	at io.cucumber.core.runner.PickleStepDefinitionMatch.runStep(PickleStepDefinitionMatch.java:63)
	at io.cucumber.core.runner.ExecutionMode$1.execute(ExecutionMode.java:10)
	at io.cucumber.core.runner.TestStep.executeStep(TestStep.java:85)
	at io.cucumber.core.runner.TestStep.run(TestStep.java:57)
	at io.cucumber.core.runner.PickleStepTestStep.run(PickleStepTestStep.java:51)
	at io.cucumber.core.runner.TestCase.run(TestCase.java:84)
	at io.cucumber.core.runner.Runner.runPickle(Runner.java:75)
	at io.cucumber.testng.TestNGCucumberRunner.lambda$runScenario$1(TestNGCucumberRunner.java:132)
	at io.cucumber.core.runtime.CucumberExecutionContext.lambda$runTestCase$5(CucumberExecutionContext.java:129)
	at io.cucumber.core.runtime.RethrowingThrowableCollector.executeAndThrow(RethrowingThrowableCollector.java:23)
	at io.cucumber.core.runtime.CucumberExecutionContext.runTestCase(CucumberExecutionContext.java:129)
	at io.cucumber.testng.TestNGCucumberRunner.runScenario(TestNGCucumberRunner.java:129)
	at io.cucumber.testng.AbstractTestNGCucumberTests.runScenario(AbstractTestNGCucumberTests.java:35)
	at java.base/jdk.internal.reflect.DirectMethodHandleAccessor.invoke(DirectMethodHandleAccessor.java:104)
	at java.base/java.lang.reflect.Method.invoke(Method.java:578)
	at org.testng.internal.MethodInvocationHelper.invokeMethod(MethodInvocationHelper.java:124)
	at org.testng.internal.Invoker.invokeMethod(Invoker.java:583)
	at org.testng.internal.Invoker.invokeTestMethod(Invoker.java:719)
	at org.testng.internal.Invoker.invokeTestMethods(Invoker.java:989)
	at org.testng.internal.TestMethodWorker.invokeTestMethods(TestMethodWorker.java:125)
	at org.testng.internal.TestMethodWorker.run(TestMethodWorker.java:109)
	at org.testng.TestRunner.privateRun(TestRunner.java:648)
	at org.testng.TestRunner.run(TestRunner.java:505)
	at org.testng.SuiteRunner.runTest(SuiteRunner.java:455)
	at org.testng.SuiteRunner.runSequentially(SuiteRunner.java:450)
	at org.testng.SuiteRunner.privateRun(SuiteRunner.java:415)
	at org.testng.SuiteRunner.run(SuiteRunner.java:364)
	at org.testng.SuiteRunnerWorker.runSuite(SuiteRunnerWorker.java:52)
	at org.testng.SuiteRunnerWorker.run(SuiteRunnerWorker.java:84)
	at org.testng.TestNG.runSuitesSequentially(TestNG.java:1208)
	at org.testng.TestNG.runSuitesLocally(TestNG.java:1137)
	at org.testng.TestNG.runSuites(TestNG.java:1049)
	at org.testng.TestNG.run(TestNG.java:1017)
	at com.intellij.rt.testng.IDEARemoteTestNG.run(IDEARemoteTestNG.java:66)
	at com.intellij.rt.testng.RemoteTestNGStarter.main(RemoteTestNGStarter.java:109)
]]></failure>
    </testcase>
    <testcase classname="Boots homepage" name="Verify Sub footer at home page" time="40.721">
        <failure message="Expected condition failed: waiting for presence of element located by: By.cssSelector: button#onetrust-accept-btn-handler (tried for 20 second(s) with 500 milliseconds interval)" type="org.openqa.selenium.TimeoutException"><![CDATA[Given User is on Boots Home page............................................passed
When user accept cookie.....................................................failed
Then Sub footer is displayed along with social media logos..................skipped
When user click on Accessibility............................................skipped
Then assert URL contains text 'AccessibilityPageUrl.key'....................skipped
Then Sub footer is displayed along with social media logos..................skipped
When user click on Sitemap..................................................skipped
Then assert URL contains text 'SitemapPageUrl.key'..........................skipped
Then Sub footer is displayed along with social media logos..................skipped
When user click on Privacy statement........................................skipped
Then assert URL contains text 'PrivacyStatementPageUrl.key'.................skipped
Then Sub footer is displayed along with social media logos..................skipped
When user click on Cookies policy...........................................skipped
Then assert URL contains text 'CookiesPolicyPageUrl.key'....................skipped
Then Sub footer is displayed along with social media logos..................skipped
When user click on  Careers at boots footer.................................skipped
Then Drop down displayed....................................................skipped
When user click on Facebook icon footer.....................................skipped
Then assert URL open in different tabs contains text 'FacebookUrl.key'......skipped
When user click on Twitter icon footer......................................skipped
Then assert URL open in different tabs contains text 'TwitterUrl.key'.......skipped
When user click on Instagram Icon footer....................................skipped
Then assert URL open in different tabs contains text 'InstagramUrl.key'.....skipped
When user click on LinkedIn Icon footer.....................................skipped
Then assert URL open in different tabs contains text 'LinkedInUrl.key'......skipped
And close browser after execution...........................................skipped

StackTrace:
org.openqa.selenium.TimeoutException: Expected condition failed: waiting for presence of element located by: By.cssSelector: button#onetrust-accept-btn-handler (tried for 20 second(s) with 500 milliseconds interval)
	at org.openqa.selenium.support.ui.WebDriverWait.timeoutException(WebDriverWait.java:113)
	at org.openqa.selenium.support.ui.FluentWait.until(FluentWait.java:283)
	at com.boots.TestComponents.BaseTest.clickByElementByQueryJSExecutor(BaseTest.java:188)
	at com.boots.stepDefinitions.HomePageSteps.userAcceptCookie(HomePageSteps.java:157)
	at ✽.user accept cookie(file:///C:/Sakir/SeleniumFrameworkDesign/src/test/resources/feature/homePage.feature:5)
Caused by: org.openqa.selenium.NoSuchElementException: Cannot locate an element using By.cssSelector: button#onetrust-accept-btn-handler
For documentation on this error, please visit: http://seleniumhq.org/exceptions/no_such_element.html
Build info: version: '3.14.0', revision: 'aacccce0', time: '2018-08-02T20:19:58.91Z'
System info: host: 'SWLL148', ip: '10.140.169.120', os.name: 'Windows 10', os.arch: 'amd64', os.version: '10.0', java.version: '19.0.1'
Driver info: driver.version: unknown
	at org.openqa.selenium.support.ui.ExpectedConditions.lambda$findElement$0(ExpectedConditions.java:896)
	at java.base/java.util.Optional.orElseThrow(Optional.java:403)
	at org.openqa.selenium.support.ui.ExpectedConditions.findElement(ExpectedConditions.java:895)
	at org.openqa.selenium.support.ui.ExpectedConditions.access$000(ExpectedConditions.java:44)
	at org.openqa.selenium.support.ui.ExpectedConditions$6.apply(ExpectedConditions.java:183)
	at org.openqa.selenium.support.ui.ExpectedConditions$6.apply(ExpectedConditions.java:180)
	at org.openqa.selenium.support.ui.FluentWait.until(FluentWait.java:260)
	at com.boots.TestComponents.BaseTest.clickByElementByQueryJSExecutor(BaseTest.java:188)
	at com.boots.stepDefinitions.HomePageSteps.userAcceptCookie(HomePageSteps.java:157)
	at java.base/jdk.internal.reflect.DirectMethodHandleAccessor.invoke(DirectMethodHandleAccessor.java:104)
	at java.base/java.lang.reflect.Method.invoke(Method.java:578)
	at io.cucumber.java.Invoker.doInvoke(Invoker.java:66)
	at io.cucumber.java.Invoker.invoke(Invoker.java:24)
	at io.cucumber.java.AbstractGlueDefinition.invokeMethod(AbstractGlueDefinition.java:47)
	at io.cucumber.java.JavaStepDefinition.execute(JavaStepDefinition.java:29)
	at io.cucumber.core.runner.CoreStepDefinition.execute(CoreStepDefinition.java:66)
	at io.cucumber.core.runner.PickleStepDefinitionMatch.runStep(PickleStepDefinitionMatch.java:63)
	at io.cucumber.core.runner.ExecutionMode$1.execute(ExecutionMode.java:10)
	at io.cucumber.core.runner.TestStep.executeStep(TestStep.java:85)
	at io.cucumber.core.runner.TestStep.run(TestStep.java:57)
	at io.cucumber.core.runner.PickleStepTestStep.run(PickleStepTestStep.java:51)
	at io.cucumber.core.runner.TestCase.run(TestCase.java:84)
	at io.cucumber.core.runner.Runner.runPickle(Runner.java:75)
	at io.cucumber.testng.TestNGCucumberRunner.lambda$runScenario$1(TestNGCucumberRunner.java:132)
	at io.cucumber.core.runtime.CucumberExecutionContext.lambda$runTestCase$5(CucumberExecutionContext.java:129)
	at io.cucumber.core.runtime.RethrowingThrowableCollector.executeAndThrow(RethrowingThrowableCollector.java:23)
	at io.cucumber.core.runtime.CucumberExecutionContext.runTestCase(CucumberExecutionContext.java:129)
	at io.cucumber.testng.TestNGCucumberRunner.runScenario(TestNGCucumberRunner.java:129)
	at io.cucumber.testng.AbstractTestNGCucumberTests.runScenario(AbstractTestNGCucumberTests.java:35)
	at java.base/jdk.internal.reflect.DirectMethodHandleAccessor.invoke(DirectMethodHandleAccessor.java:104)
	at java.base/java.lang.reflect.Method.invoke(Method.java:578)
	at org.testng.internal.MethodInvocationHelper.invokeMethod(MethodInvocationHelper.java:124)
	at org.testng.internal.Invoker.invokeMethod(Invoker.java:583)
	at org.testng.internal.Invoker.invokeTestMethod(Invoker.java:719)
	at org.testng.internal.Invoker.invokeTestMethods(Invoker.java:989)
	at org.testng.internal.TestMethodWorker.invokeTestMethods(TestMethodWorker.java:125)
	at org.testng.internal.TestMethodWorker.run(TestMethodWorker.java:109)
	at org.testng.TestRunner.privateRun(TestRunner.java:648)
	at org.testng.TestRunner.run(TestRunner.java:505)
	at org.testng.SuiteRunner.runTest(SuiteRunner.java:455)
	at org.testng.SuiteRunner.runSequentially(SuiteRunner.java:450)
	at org.testng.SuiteRunner.privateRun(SuiteRunner.java:415)
	at org.testng.SuiteRunner.run(SuiteRunner.java:364)
	at org.testng.SuiteRunnerWorker.runSuite(SuiteRunnerWorker.java:52)
	at org.testng.SuiteRunnerWorker.run(SuiteRunnerWorker.java:84)
	at org.testng.TestNG.runSuitesSequentially(TestNG.java:1208)
	at org.testng.TestNG.runSuitesLocally(TestNG.java:1137)
	at org.testng.TestNG.runSuites(TestNG.java:1049)
	at org.testng.TestNG.run(TestNG.java:1017)
	at com.intellij.rt.testng.IDEARemoteTestNG.run(IDEARemoteTestNG.java:66)
	at com.intellij.rt.testng.RemoteTestNGStarter.main(RemoteTestNGStarter.java:109)
]]></failure>
    </testcase>
    <testcase classname="Boots homepage" name="Verify Sub footer at careers at boots" time="41.272">
        <failure message="Expected condition failed: waiting for presence of element located by: By.cssSelector: button#onetrust-accept-btn-handler (tried for 20 second(s) with 500 milliseconds interval)" type="org.openqa.selenium.TimeoutException"><![CDATA[Given User is on Boots Home page............................................passed
When user accept cookie.....................................................failed
Then click and verify career at boots from footer...........................skipped
Then dropdown should displayed..............................................skipped
When user click on Pharmacy Jobs............................................skipped
Then assert URL contains text 'PharmacyJobsPageUrl.key'.....................skipped
When click and verify career at boots from footer...........................skipped
When user click on Opticians Jobs...........................................skipped
Then assert URL contains text 'OpticiansJobsPageUrl.key'....................skipped
When click and verify career at boots from footer...........................skipped
When user click on Retail Jobs..............................................skipped
Then assert URL contains text 'RetailJobsPageUrl.key'.......................skipped
When click and verify career at boots from footer...........................skipped
When user click on Supply Chain Jobs........................................skipped
Then assert URL contains text 'SupplyChainJobsPageUrl.key'..................skipped
When click and verify career at boots from footer...........................skipped
When user click on Support Office Jobs......................................skipped
Then assert URL contains text 'SupportOfficeJobPageUrl.key'.................skipped
When click and verify career at boots from footer...........................skipped
When user click on Early Careers............................................skipped
Then assert URL contains text 'EarlyCareersPageUrl.key'.....................skipped
When click and verify career at boots from footer...........................skipped
When user click on Ireland Jobs.............................................skipped
Then assert URL contains text 'IrelandJobsPageUrl.key'......................skipped
When click and verify career at boots from footer...........................skipped
When user click on Airports Jobs............................................skipped
Then assert URL contains text 'AirportsJobPageUrl.key'......................skipped
And close browser after execution...........................................skipped

StackTrace:
org.openqa.selenium.TimeoutException: Expected condition failed: waiting for presence of element located by: By.cssSelector: button#onetrust-accept-btn-handler (tried for 20 second(s) with 500 milliseconds interval)
	at org.openqa.selenium.support.ui.WebDriverWait.timeoutException(WebDriverWait.java:113)
	at org.openqa.selenium.support.ui.FluentWait.until(FluentWait.java:283)
	at com.boots.TestComponents.BaseTest.clickByElementByQueryJSExecutor(BaseTest.java:188)
	at com.boots.stepDefinitions.HomePageSteps.userAcceptCookie(HomePageSteps.java:157)
	at ✽.user accept cookie(file:///C:/Sakir/SeleniumFrameworkDesign/src/test/resources/feature/homePage.feature:5)
Caused by: org.openqa.selenium.NoSuchElementException: Cannot locate an element using By.cssSelector: button#onetrust-accept-btn-handler
For documentation on this error, please visit: http://seleniumhq.org/exceptions/no_such_element.html
Build info: version: '3.14.0', revision: 'aacccce0', time: '2018-08-02T20:19:58.91Z'
System info: host: 'SWLL148', ip: '10.140.169.120', os.name: 'Windows 10', os.arch: 'amd64', os.version: '10.0', java.version: '19.0.1'
Driver info: driver.version: unknown
	at org.openqa.selenium.support.ui.ExpectedConditions.lambda$findElement$0(ExpectedConditions.java:896)
	at java.base/java.util.Optional.orElseThrow(Optional.java:403)
	at org.openqa.selenium.support.ui.ExpectedConditions.findElement(ExpectedConditions.java:895)
	at org.openqa.selenium.support.ui.ExpectedConditions.access$000(ExpectedConditions.java:44)
	at org.openqa.selenium.support.ui.ExpectedConditions$6.apply(ExpectedConditions.java:183)
	at org.openqa.selenium.support.ui.ExpectedConditions$6.apply(ExpectedConditions.java:180)
	at org.openqa.selenium.support.ui.FluentWait.until(FluentWait.java:260)
	at com.boots.TestComponents.BaseTest.clickByElementByQueryJSExecutor(BaseTest.java:188)
	at com.boots.stepDefinitions.HomePageSteps.userAcceptCookie(HomePageSteps.java:157)
	at java.base/jdk.internal.reflect.DirectMethodHandleAccessor.invoke(DirectMethodHandleAccessor.java:104)
	at java.base/java.lang.reflect.Method.invoke(Method.java:578)
	at io.cucumber.java.Invoker.doInvoke(Invoker.java:66)
	at io.cucumber.java.Invoker.invoke(Invoker.java:24)
	at io.cucumber.java.AbstractGlueDefinition.invokeMethod(AbstractGlueDefinition.java:47)
	at io.cucumber.java.JavaStepDefinition.execute(JavaStepDefinition.java:29)
	at io.cucumber.core.runner.CoreStepDefinition.execute(CoreStepDefinition.java:66)
	at io.cucumber.core.runner.PickleStepDefinitionMatch.runStep(PickleStepDefinitionMatch.java:63)
	at io.cucumber.core.runner.ExecutionMode$1.execute(ExecutionMode.java:10)
	at io.cucumber.core.runner.TestStep.executeStep(TestStep.java:85)
	at io.cucumber.core.runner.TestStep.run(TestStep.java:57)
	at io.cucumber.core.runner.PickleStepTestStep.run(PickleStepTestStep.java:51)
	at io.cucumber.core.runner.TestCase.run(TestCase.java:84)
	at io.cucumber.core.runner.Runner.runPickle(Runner.java:75)
	at io.cucumber.testng.TestNGCucumberRunner.lambda$runScenario$1(TestNGCucumberRunner.java:132)
	at io.cucumber.core.runtime.CucumberExecutionContext.lambda$runTestCase$5(CucumberExecutionContext.java:129)
	at io.cucumber.core.runtime.RethrowingThrowableCollector.executeAndThrow(RethrowingThrowableCollector.java:23)
	at io.cucumber.core.runtime.CucumberExecutionContext.runTestCase(CucumberExecutionContext.java:129)
	at io.cucumber.testng.TestNGCucumberRunner.runScenario(TestNGCucumberRunner.java:129)
	at io.cucumber.testng.AbstractTestNGCucumberTests.runScenario(AbstractTestNGCucumberTests.java:35)
	at java.base/jdk.internal.reflect.DirectMethodHandleAccessor.invoke(DirectMethodHandleAccessor.java:104)
	at java.base/java.lang.reflect.Method.invoke(Method.java:578)
	at org.testng.internal.MethodInvocationHelper.invokeMethod(MethodInvocationHelper.java:124)
	at org.testng.internal.Invoker.invokeMethod(Invoker.java:583)
	at org.testng.internal.Invoker.invokeTestMethod(Invoker.java:719)
	at org.testng.internal.Invoker.invokeTestMethods(Invoker.java:989)
	at org.testng.internal.TestMethodWorker.invokeTestMethods(TestMethodWorker.java:125)
	at org.testng.internal.TestMethodWorker.run(TestMethodWorker.java:109)
	at org.testng.TestRunner.privateRun(TestRunner.java:648)
	at org.testng.TestRunner.run(TestRunner.java:505)
	at org.testng.SuiteRunner.runTest(SuiteRunner.java:455)
	at org.testng.SuiteRunner.runSequentially(SuiteRunner.java:450)
	at org.testng.SuiteRunner.privateRun(SuiteRunner.java:415)
	at org.testng.SuiteRunner.run(SuiteRunner.java:364)
	at org.testng.SuiteRunnerWorker.runSuite(SuiteRunnerWorker.java:52)
	at org.testng.SuiteRunnerWorker.run(SuiteRunnerWorker.java:84)
	at org.testng.TestNG.runSuitesSequentially(TestNG.java:1208)
	at org.testng.TestNG.runSuitesLocally(TestNG.java:1137)
	at org.testng.TestNG.runSuites(TestNG.java:1049)
	at org.testng.TestNG.run(TestNG.java:1017)
	at com.intellij.rt.testng.IDEARemoteTestNG.run(IDEARemoteTestNG.java:66)
	at com.intellij.rt.testng.RemoteTestNGStarter.main(RemoteTestNGStarter.java:109)
]]></failure>
    </testcase>
</testsuite>
